[2025-09-17 23:46:44] === Playwright Unfollow Tool START ===
[2025-09-17 23:46:44] DRY_RUN=True; using whitelist file 'whitelist.json'
[2025-09-17 23:46:44] Created template whitelist.json. Edit it and re-run.
[2025-09-17 23:46:45] [Target] prabowo | btn='following'
[2025-09-17 23:46:46] [DRY_RUN] Would click UNFOLLOW for prabowo
[2025-09-17 23:46:46] Sleeping ~34s before next action (actions=1).
[2025-09-17 23:47:22] [Target] jokowi | btn='following'
[2025-09-17 23:47:23] [DRY_RUN] Would click UNFOLLOW for jokowi
[2025-09-17 23:47:23] Sleeping ~24s before next action (actions=2).
[2025-09-17 23:47:48] [Target] jennifercoppenreal20 | btn='following'
[2025-09-17 23:47:49] [DRY_RUN] Would click UNFOLLOW for jennifercoppenreal20
[2025-09-17 23:47:49] Sleeping ~35s before next action (actions=3).
[2025-09-17 23:48:25] [Target] gibran_rakabuming | btn='following'
[2025-09-17 23:48:27] [DRY_RUN] Would click UNFOLLOW for gibran_rakabuming
[2025-09-17 23:48:27] Sleeping ~50s before next action (actions=4).
[2025-09-18 00:06:59] === Playwright Unfollow Tool START ===
[2025-09-18 00:06:59] DRY_RUN=True; using whitelist file 'whitelist.json'
[2025-09-18 00:07:00] [Target] prabowo | btn='following'
[2025-09-18 00:07:02] [DRY_RUN] Would click 'Following' for prabowo (then confirm Unfollow)
[2025-09-18 00:07:02] Sleeping ~34s before next action (actions=1).
[2025-09-18 00:07:38] [Target] jokowi | btn='following'
[2025-09-18 00:07:41] [DRY_RUN] Would click 'Following' for jokowi (then confirm Unfollow)
[2025-09-18 00:07:41] Sleeping ~41s before next action (actions=2).
[2025-09-18 00:08:23] [Target] jennifercoppenreal20 | btn='following'
[2025-09-18 00:08:24] [DRY_RUN] Would click 'Following' for jennifercoppenreal20 (then confirm Unfollow)
[2025-09-18 00:08:24] Sleeping ~28s before next action (actions=3).
[2025-09-18 00:08:53] [Target] gibran_rakabuming | btn='following'
[2025-09-18 00:08:55] [DRY_RUN] Would click 'Following' for gibran_rakabuming (then confirm Unfollow)
[2025-09-18 00:08:55] Sleeping ~56s before next action (actions=4).
[2025-09-18 00:09:52] [Target] cristiano | btn='following'
[2025-09-18 00:09:53] [DRY_RUN] Would click 'Following' for cristiano (then confirm Unfollow)
[2025-09-18 00:09:53] Sleeping ~27s before next action (actions=5).
[2025-09-18 00:10:22] [Target] jeromepolin | btn='following'
[2025-09-18 00:10:23] [DRY_RUN] Would click 'Following' for jeromepolin (then confirm Unfollow)
[2025-09-18 00:10:23] Sleeping ~53s before next action (actions=6).
[2025-09-18 00:11:18] [Target] oziie.tv | btn='following'
[2025-09-18 00:11:19] [DRY_RUN] Would click 'Following' for oziie.tv (then confirm Unfollow)
[2025-09-18 00:11:19] Sleeping ~45s before next action (actions=7).
[2025-09-18 00:12:05] [Target] erickthohir | btn='following'
[2025-09-18 00:12:06] [DRY_RUN] Would click 'Following' for erickthohir (then confirm Unfollow)
[2025-09-18 00:12:06] Sleeping ~58s before next action (actions=8).
[2025-09-18 00:12:23] Cancelled — exiting.
[2025-09-18 00:12:23] === FINISHED ===
[2025-09-18 00:18:28] === Playwright Unfollow Tool START ===
[2025-09-18 00:18:28] DRY_RUN=False; using whitelist file 'whitelist.json'
[2025-09-18 00:18:29] [Target] prabowo | btn='following'
[2025-09-18 00:18:30] Clicked initial button for prabowo
[2025-09-18 00:18:33] Clicked confirm unfollow
[2025-09-18 00:18:33] Verified state changed to 'Follow/Ikuti'.
[2025-09-18 00:18:33] Persisted: daily[2025-09-18]=1 total=1
[2025-09-18 00:18:33] Sleeping ~7s before next action (actions=1).
[2025-09-18 00:18:41] [Target] jokowi | btn='following'
[2025-09-18 00:18:42] Clicked initial button for jokowi
[2025-09-18 00:18:44] Clicked confirm unfollow
[2025-09-18 00:18:44] Verified state changed to 'Follow/Ikuti'.
[2025-09-18 00:18:44] Persisted: daily[2025-09-18]=2 total=2
[2025-09-18 00:18:44] Sleeping ~6s before next action (actions=2).
[2025-09-18 00:18:52] [Target] jennifercoppenreal20 | btn='following'
[2025-09-18 00:18:53] Clicked initial button for jennifercoppenreal20
[2025-09-18 00:18:54] No confirm button found (maybe immediate unfollow).
[2025-09-18 00:18:54] Verified state changed to 'Follow/Ikuti'.
[2025-09-18 00:18:54] Persisted: daily[2025-09-18]=3 total=3
[2025-09-18 00:18:54] Sleeping ~7s before next action (actions=3).
[2025-09-18 00:19:02] [Target] gibran_rakabuming | btn='following'
[2025-09-18 00:19:03] Clicked initial button for gibran_rakabuming
[2025-09-18 00:19:04] No confirm button found (maybe immediate unfollow).
[2025-09-18 00:19:07] WARN: Could not verify state change to 'Follow/Ikuti' — counting with caution.
[2025-09-18 00:19:07] Persisted: daily[2025-09-18]=4 total=4
[2025-09-18 00:19:07] Sleeping ~9s before next action (actions=4).
[2025-09-18 00:19:26] No buttons found after multiple scrolls. Ending.
[2025-09-18 00:19:26] === FINISHED ===
[2025-09-18 00:36:56] === Playwright Unfollow Tool START ===
[2025-09-18 00:36:56] DRY_RUN=False; using whitelist file 'whitelist.json'
[2025-09-18 00:36:58] [Target] jennifercoppenreal20 | btn='following'
[2025-09-18 00:36:59] Clicked initial button for jennifercoppenreal20
[2025-09-18 00:37:00] No confirm button found (maybe immediate unfollow).
[2025-09-18 00:37:00] Verified state changed to 'Follow/Ikuti'.
[2025-09-18 00:37:00] Persisted: daily[2025-09-18]=5 total=5
[2025-09-18 00:37:00] Sleeping ~9s before next action (actions=1).
[2025-09-18 00:37:11] [Target] gibran_rakabuming | btn='following'
[2025-09-18 00:37:12] Clicked initial button for gibran_rakabuming
[2025-09-18 00:37:14] Clicked confirm unfollow
[2025-09-18 00:37:14] Verified state changed to 'Follow/Ikuti'.
[2025-09-18 00:37:14] Persisted: daily[2025-09-18]=6 total=6
[2025-09-18 00:37:14] Sleeping ~6s before next action (actions=2).
[2025-09-18 00:37:21] [Target] cristiano | btn='following'
[2025-09-18 00:37:23] Clicked initial button for cristiano
[2025-09-18 00:37:24] Clicked confirm unfollow
[2025-09-18 00:37:24] Verified state changed to 'Follow/Ikuti'.
[2025-09-18 00:37:24] Persisted: daily[2025-09-18]=7 total=7
[2025-09-18 00:37:24] Sleeping ~8s before next action (actions=3).
[2025-09-18 00:37:33] [Target] jeromepolin | btn='following'
[2025-09-18 00:37:35] Clicked initial button for jeromepolin
[2025-09-18 00:37:37] Clicked confirm unfollow
[2025-09-18 00:37:37] Verified state changed to 'Follow/Ikuti'.
[2025-09-18 00:37:37] Persisted: daily[2025-09-18]=8 total=8
[2025-09-18 00:37:37] Sleeping ~5s before next action (actions=4).
[2025-09-18 00:37:43] [Target] oziie.tv | btn='following'
[2025-09-18 00:37:45] Clicked initial button for oziie.tv
[2025-09-18 00:37:46] Clicked confirm unfollow
[2025-09-18 00:37:46] Verified state changed to 'Follow/Ikuti'.
[2025-09-18 00:37:46] Persisted: daily[2025-09-18]=9 total=9
[2025-09-18 00:37:46] Sleeping ~5s before next action (actions=5).
[2025-09-18 00:37:53] [Target] erickthohir | btn='following'
[2025-09-18 00:37:54] Clicked initial button for erickthohir
[2025-09-18 00:37:55] No confirm button found (maybe immediate unfollow).
[2025-09-18 00:37:55] Verified state changed to 'Follow/Ikuti'.
[2025-09-18 00:37:55] Persisted: daily[2025-09-18]=10 total=10
[2025-09-18 00:37:55] Sleeping ~8s before next action (actions=6).
[2025-09-18 00:38:04] [Target] sumargodenny | btn='following'
[2025-09-18 00:38:06] Clicked initial button for sumargodenny
[2025-09-18 00:38:08] Clicked confirm unfollow
[2025-09-18 00:38:08] Verified state changed to 'Follow/Ikuti'.
[2025-09-18 00:38:08] Persisted: daily[2025-09-18]=11 total=11
[2025-09-18 00:38:08] Sleeping ~9s before next action (actions=7).
[2025-09-18 00:38:18] [Target] anyageraldine | btn='following'
[2025-09-18 00:38:20] Clicked initial button for anyageraldine
[2025-09-18 00:38:22] Clicked confirm unfollow
[2025-09-18 00:38:22] Verified state changed to 'Follow/Ikuti'.
[2025-09-18 00:38:22] Persisted: daily[2025-09-18]=12 total=12
[2025-09-18 00:38:22] Sleeping ~5s before next action (actions=8).
[2025-09-18 00:38:29] Detected 'Suggested for you' — finishing.
[2025-09-18 00:38:31] Detected 'Suggested for you' — finishing.
[2025-09-18 00:38:32] No new buttons loaded after multiple scrolls. Ending.
[2025-09-18 00:38:32] === FINISHED ===
[2025-09-18 00:53:34] === Playwright Unfollow Tool START ===
[2025-09-18 00:53:34] DRY_RUN=False; using whitelist file 'whitelist.json'
[2025-09-18 00:53:59] [Target] xeesoxee | btn='following'
[2025-09-18 00:54:01] Clicked initial button for xeesoxee
[2025-09-18 00:54:03] Clicked confirm unfollow
[2025-09-18 00:54:03] Verified state changed to 'Follow/Ikuti'.
[2025-09-18 00:54:03] Persisted: daily[2025-09-18]=13 total=13
[2025-09-18 00:54:03] Sleeping ~1s before next action (actions=1).
[2025-09-18 00:54:05] [Target] byeonwooseok | btn='following'
[2025-09-18 00:54:07] Clicked initial button for byeonwooseok
[2025-09-18 00:54:08] Clicked confirm unfollow
[2025-09-18 00:54:09] Verified state changed to 'Follow/Ikuti'.
[2025-09-18 00:54:09] Persisted: daily[2025-09-18]=14 total=14
[2025-09-18 00:54:09] Sleeping ~1s before next action (actions=2).
[2025-09-18 00:54:11] [Target] smindrawati | btn='following'
[2025-09-18 00:54:12] Clicked initial button for smindrawati
[2025-09-18 00:54:14] Clicked confirm unfollow
[2025-09-18 00:54:14] Verified state changed to 'Follow/Ikuti'.
[2025-09-18 00:54:14] Persisted: daily[2025-09-18]=15 total=15
[2025-09-18 00:54:14] Sleeping ~1s before next action (actions=3).
[2025-09-18 00:54:16] [Target] amandamanopo | btn='following'
[2025-09-18 00:54:17] Clicked initial button for amandamanopo
[2025-09-18 00:54:19] Clicked confirm unfollow
[2025-09-18 00:54:19] Verified state changed to 'Follow/Ikuti'.
[2025-09-18 00:54:19] Persisted: daily[2025-09-18]=16 total=16
[2025-09-18 00:54:19] Sleeping ~1s before next action (actions=4).
[2025-09-18 00:54:21] [Target] jennifercoppenreal20 | btn='following'
[2025-09-18 00:54:22] Clicked initial button for jennifercoppenreal20
[2025-09-18 00:54:24] Clicked confirm unfollow
[2025-09-18 00:54:24] Verified state changed to 'Follow/Ikuti'.
[2025-09-18 00:54:24] Persisted: daily[2025-09-18]=17 total=17
[2025-09-18 00:54:24] Sleeping ~1s before next action (actions=5).
[2025-09-18 00:54:26] [Target] miskashf | btn='following'
[2025-09-18 00:54:28] Clicked initial button for miskashf
[2025-09-18 00:54:30] Clicked confirm unfollow
[2025-09-18 00:54:30] Verified state changed to 'Follow/Ikuti'.
[2025-09-18 00:54:30] Persisted: daily[2025-09-18]=18 total=18
[2025-09-18 00:54:30] Sleeping ~1s before next action (actions=6).
[2025-09-18 00:54:32] [Target] aryamohan7 | btn='following'
[2025-09-18 00:54:34] Clicked initial button for aryamohan7
[2025-09-18 00:54:36] Clicked confirm unfollow
[2025-09-18 00:54:36] Verified state changed to 'Follow/Ikuti'.
[2025-09-18 00:54:36] Persisted: daily[2025-09-18]=19 total=19
[2025-09-18 00:54:36] Sleeping ~1s before next action (actions=7).
[2025-09-18 00:54:38] [Target] fuji_an | btn='following'
[2025-09-18 00:54:39] Clicked initial button for fuji_an
[2025-09-18 00:54:40] Clicked confirm unfollow
[2025-09-18 00:54:41] Verified state changed to 'Follow/Ikuti'.
[2025-09-18 00:54:41] Persisted: daily[2025-09-18]=20 total=20
[2025-09-18 00:54:41] Sleeping ~1s before next action (actions=8).
[2025-09-18 00:54:43] [Target] willie27_ | btn='following'
[2025-09-18 00:54:44] Clicked initial button for willie27_
[2025-09-18 00:54:46] Clicked confirm unfollow
[2025-09-18 00:54:46] Verified state changed to 'Follow/Ikuti'.
[2025-09-18 00:54:46] Persisted: daily[2025-09-18]=21 total=21
[2025-09-18 00:54:46] Sleeping ~1s before next action (actions=9).
[2025-09-18 00:54:48] [Target] erickthohir | btn='following'
[2025-09-18 00:54:50] Clicked initial button for erickthohir
[2025-09-18 00:54:51] Clicked confirm unfollow
[2025-09-18 00:54:51] Verified state changed to 'Follow/Ikuti'.
[2025-09-18 00:54:51] Persisted: daily[2025-09-18]=22 total=22
[2025-09-18 00:54:51] Sleeping ~1s before next action (actions=10).
[2025-09-18 00:54:53] [Target] gadgetins | btn='following'
[2025-09-18 00:54:55] Clicked initial button for gadgetins
[2025-09-18 00:54:57] Clicked confirm unfollow
[2025-09-18 00:54:57] Verified state changed to 'Follow/Ikuti'.
[2025-09-18 00:54:57] Persisted: daily[2025-09-18]=23 total=23
[2025-09-18 00:54:57] Sleeping ~1s before next action (actions=11).
[2025-09-18 00:54:59] [Target] mastercorbuzier | btn='following'
[2025-09-18 00:55:00] Clicked initial button for mastercorbuzier
[2025-09-18 00:55:02] Clicked confirm unfollow
[2025-09-18 00:55:02] Verified state changed to 'Follow/Ikuti'.
[2025-09-18 00:55:02] Persisted: daily[2025-09-18]=24 total=24
[2025-09-18 00:55:02] Sleeping ~1s before next action (actions=12).
[2025-09-18 00:55:06] Detected 'Suggested for you' with Follow buttons after it — finishing.
[2025-09-18 00:55:06] No 'Following' buttons visible after multiple scrolls. Ending.
[2025-09-18 00:55:06] Summary: Unfollowed 12 accounts: xeesoxee, byeonwooseok, smindrawati, amandamanopo, jennifercoppenreal20, miskashf, aryamohan7, fuji_an, willie27_, erickthohir, gadgetins, mastercorbuzier
[2025-09-18 00:55:06] Following count before -> after: 15 -> 15
[2025-09-18 00:55:06] === FINISHED ===
[2025-09-18 00:57:01] === Playwright Unfollow Tool START ===
[2025-09-18 00:57:01] DRY_RUN=False; using whitelist file 'whitelist.json'
[2025-09-18 00:57:02] [Target] nikitamirzanimawardi_172 | btn='following'
[2025-09-18 00:57:04] Clicked initial button for nikitamirzanimawardi_172
[2025-09-18 00:57:05] Clicked confirm unfollow
[2025-09-18 00:57:05] Verified state changed to 'Follow/Ikuti'.
[2025-09-18 00:57:05] Persisted: daily[2025-09-18]=25 total=25
[2025-09-18 00:57:05] Sleeping ~1s before next action (actions=1).
[2025-09-18 00:57:08] [Target] salmasalsabil12 | btn='following'
[2025-09-18 00:57:09] Clicked initial button for salmasalsabil12
[2025-09-18 00:57:10] Clicked confirm unfollow
[2025-09-18 00:57:11] Verified state changed to 'Follow/Ikuti'.
[2025-09-18 00:57:11] Persisted: daily[2025-09-18]=26 total=26
[2025-09-18 00:57:11] Sleeping ~1s before next action (actions=2).
[2025-09-18 00:57:13] [Target] eri.carl | btn='following'
[2025-09-18 00:57:14] Clicked initial button for eri.carl
[2025-09-18 00:57:16] Clicked confirm unfollow
[2025-09-18 00:57:16] Verified state changed to 'Follow/Ikuti'.
[2025-09-18 00:57:16] Persisted: daily[2025-09-18]=27 total=27
[2025-09-18 00:57:16] Sleeping ~1s before next action (actions=3).
[2025-09-18 00:57:18] [Target] aqeelacalista | btn='following'
[2025-09-18 00:57:19] Clicked initial button for aqeelacalista
[2025-09-18 00:57:21] Clicked confirm unfollow
[2025-09-18 00:57:21] Verified state changed to 'Follow/Ikuti'.
[2025-09-18 00:57:21] Persisted: daily[2025-09-18]=28 total=28
[2025-09-18 00:57:21] Sleeping ~1s before next action (actions=4).
[2025-09-18 00:57:23] [Target] merindink | btn='following'
[2025-09-18 00:57:24] Clicked initial button for merindink
[2025-09-18 00:57:26] Clicked confirm unfollow
[2025-09-18 00:57:26] Verified state changed to 'Follow/Ikuti'.
[2025-09-18 00:57:26] Persisted: daily[2025-09-18]=29 total=29
[2025-09-18 00:57:26] Sleeping ~1s before next action (actions=5).
[2025-09-18 00:57:28] [Target] azizahsalsha_ | btn='following'
[2025-09-18 00:57:29] Clicked initial button for azizahsalsha_
[2025-09-18 00:57:31] Clicked confirm unfollow
[2025-09-18 00:57:31] Verified state changed to 'Follow/Ikuti'.
[2025-09-18 00:57:31] Persisted: daily[2025-09-18]=30 total=30
[2025-09-18 00:57:31] Sleeping ~1s before next action (actions=6).
[2025-09-18 00:57:33] [Target] vaneshaass | btn='following'
[2025-09-18 00:57:35] Clicked initial button for vaneshaass
[2025-09-18 00:57:37] Clicked confirm unfollow
[2025-09-18 00:57:37] Verified state changed to 'Follow/Ikuti'.
[2025-09-18 00:57:37] Persisted: daily[2025-09-18]=31 total=31
[2025-09-18 00:57:37] Sleeping ~1s before next action (actions=7).
[2025-09-18 00:57:39] [Target] vilmei | btn='following'
[2025-09-18 00:57:41] Clicked initial button for vilmei
[2025-09-18 00:57:42] Clicked confirm unfollow
[2025-09-18 00:57:42] Verified state changed to 'Follow/Ikuti'.
[2025-09-18 00:57:42] Persisted: daily[2025-09-18]=32 total=32
[2025-09-18 00:57:42] Sleeping ~1s before next action (actions=8).
[2025-09-18 00:57:44] [Target] putrasiregarr17 | btn='following'
[2025-09-18 00:57:46] Clicked initial button for putrasiregarr17
[2025-09-18 00:57:48] Clicked confirm unfollow
[2025-09-18 00:57:48] Verified state changed to 'Follow/Ikuti'.
[2025-09-18 00:57:48] Persisted: daily[2025-09-18]=33 total=33
[2025-09-18 00:57:48] Sleeping ~1s before next action (actions=9).
[2025-09-18 00:57:50] [Target] ariefmuhammad | btn='following'
[2025-09-18 00:57:51] Clicked initial button for ariefmuhammad
[2025-09-18 00:57:53] Clicked confirm unfollow
[2025-09-18 00:57:53] Verified state changed to 'Follow/Ikuti'.
[2025-09-18 00:57:53] Persisted: daily[2025-09-18]=34 total=34
[2025-09-18 00:57:53] Sleeping ~1s before next action (actions=10).
[2025-09-18 00:57:55] [Target] fadiljaidi | btn='following'
[2025-09-18 00:57:57] Clicked initial button for fadiljaidi
[2025-09-18 00:57:59] Clicked confirm unfollow
[2025-09-18 00:57:59] Verified state changed to 'Follow/Ikuti'.
[2025-09-18 00:57:59] Persisted: daily[2025-09-18]=35 total=35
[2025-09-18 00:57:59] Sleeping ~1s before next action (actions=11).
[2025-09-18 00:58:01] [Target] fakta.indo | btn='following'
[2025-09-18 00:58:03] Clicked initial button for fakta.indo
[2025-09-18 00:58:05] Clicked confirm unfollow
[2025-09-18 00:58:05] Verified state changed to 'Follow/Ikuti'.
[2025-09-18 00:58:05] Persisted: daily[2025-09-18]=36 total=36
[2025-09-18 00:58:05] Sleeping ~1s before next action (actions=12).
[2025-09-18 00:58:09] Detected 'Suggested for you' with Follow buttons after it — finishing.
[2025-09-18 00:58:09] No 'Following' buttons visible after multiple scrolls. Ending.
[2025-09-18 00:58:09] Summary: Unfollowed 12 accounts: nikitamirzanimawardi_172, salmasalsabil12, eri.carl, aqeelacalista, merindink, azizahsalsha_, vaneshaass, vilmei, putrasiregarr17, ariefmuhammad, fadiljaidi, fakta.indo
[2025-09-18 00:58:09] Following count before -> after: 17 -> 17
[2025-09-18 00:58:09] === FINISHED ===
[2025-09-18 01:18:50] === Playwright Unfollow Tool START ===
[2025-09-18 01:18:50] DRY_RUN=False; using whitelist file 'whitelist.json'
[2025-09-18 01:18:51] Skip (whitelist): mahaliniraharja
[2025-09-18 01:18:51] [Target] syifahadju | btn='following'
[2025-09-18 01:18:52] Clicked initial button for syifahadju
[2025-09-18 01:18:54] Clicked confirm unfollow
[2025-09-18 01:18:54] Verified state changed to 'Follow/Ikuti'.
[2025-09-18 01:18:54] Persisted: daily[2025-09-18]=37 total=37
[2025-09-18 01:18:54] Sleeping ~1s before next action (actions=1).
[2025-09-18 01:18:56] [Target] rachelvennya | btn='following'
[2025-09-18 01:18:57] Clicked initial button for rachelvennya
[2025-09-18 01:18:59] Clicked confirm unfollow
[2025-09-18 01:18:59] Verified state changed to 'Follow/Ikuti'.
[2025-09-18 01:18:59] Persisted: daily[2025-09-18]=38 total=38
[2025-09-18 01:18:59] Sleeping ~1s before next action (actions=2).
[2025-09-18 01:19:01] [Target] yukikt | btn='following'
[2025-09-18 01:19:03] Clicked initial button for yukikt
[2025-09-18 01:19:05] Clicked confirm unfollow
[2025-09-18 01:19:05] Verified state changed to 'Follow/Ikuti'.
[2025-09-18 01:19:05] Persisted: daily[2025-09-18]=39 total=39
[2025-09-18 01:19:05] Sleeping ~1s before next action (actions=3).
[2025-09-18 01:19:07] [Target] steffizamoraaa | btn='following'
[2025-09-18 01:19:09] Clicked initial button for steffizamoraaa
[2025-09-18 01:19:10] Clicked confirm unfollow
[2025-09-18 01:19:11] Verified state changed to 'Follow/Ikuti'.
[2025-09-18 01:19:11] Persisted: daily[2025-09-18]=40 total=40
[2025-09-18 01:19:11] Sleeping ~1s before next action (actions=4).
[2025-09-18 01:19:14] Skip (whitelist): mahaliniraharja
[2025-09-18 01:19:15] Skip (whitelist): mahaliniraharja
[2025-09-18 01:19:17] Skip (whitelist): mahaliniraharja
[2025-09-18 01:19:18] Skip (whitelist): mahaliniraharja
[2025-09-18 01:19:20] Skip (whitelist): mahaliniraharja
[2025-09-18 01:19:21] Skip (whitelist): mahaliniraharja
[2025-09-18 01:19:23] Skip (whitelist): mahaliniraharja
[2025-09-18 01:19:24] Skip (whitelist): mahaliniraharja
[2025-09-18 01:19:26] Skip (whitelist): mahaliniraharja
[2025-09-18 01:19:27] Skip (whitelist): mahaliniraharja
[2025-09-18 01:19:28] Skip (whitelist): mahaliniraharja
[2025-09-18 01:19:30] Skip (whitelist): mahaliniraharja
[2025-09-18 01:19:31] Skip (whitelist): mahaliniraharja
[2025-09-18 01:19:31] Cancelled — exiting.
[2025-09-18 01:19:31] === FINISHED ===
[2025-09-18 01:27:28] === Playwright Unfollow Tool START ===
[2025-09-18 01:27:28] DRY_RUN=False; using whitelist file 'whitelist.json'
[2025-09-18 01:27:33] Following dialog not detected. Proceeding with page-level button search.
[2025-09-18 01:27:35] Cancelled — exiting.
[2025-09-18 01:27:35] === FINISHED ===
[2025-09-18 01:27:43] === Playwright Unfollow Tool START ===
[2025-09-18 01:27:43] DRY_RUN=False; using whitelist file 'whitelist.json'
[2025-09-18 01:27:44] Skip (whitelist): mahaliniraharja
[2025-09-18 01:27:44] Processed 1 usernames (header reported 1). Finishing to avoid loops.
[2025-09-18 01:28:12] Cancelled — exiting.
[2025-09-18 01:28:12] === FINISHED ===
[2025-09-18 01:28:17] === Playwright Unfollow Tool START ===
[2025-09-18 01:28:17] DRY_RUN=False; using whitelist file 'whitelist.json'
[2025-09-18 01:28:18] Skip (whitelist): mahaliniraharja
[2025-09-18 01:28:18] Processed 1 usernames (header reported 1). Finishing to avoid loops.
[2025-09-18 01:28:31] Cancelled — exiting.
[2025-09-18 01:28:31] === FINISHED ===
